2024-11-28 14:57:31,770 - xlinks - INFO - logger.py:81 -  SETUP LOGGER, will save the log file in file : log/2024-11-28.log
2024-11-28 14:57:43,736 - xlinks - INFO - logger.py:81 -  SETUP LOGGER, will save the log file in file : log/2024-11-28.log
2024-11-28 14:57:44,061 - xlinks - INFO - supabase_client.py:35 - Initialized SupabaseClient
2024-11-28 14:57:44,062 - xlinks - GOOD - logger.py:18 - Launching application
2024-11-28 14:57:53,623 - xlinks - INFO - supabase_client.py:35 - Initialized SupabaseClient
2024-11-28 14:58:34,717 - xlinks - INFO - logger.py:81 -  SETUP LOGGER, will save the log file in file : log/2024-11-28.log
2024-11-28 14:58:35,065 - xlinks - INFO - supabase_client.py:35 - Initialized SupabaseClient
2024-11-28 14:58:35,066 - xlinks - GOOD - logger.py:18 - Launching application
2024-11-28 14:58:37,168 - xlinks - INFO - supabase_client.py:35 - Initialized SupabaseClient
2024-11-28 14:58:46,382 - xlinks - INFO - logger.py:81 -  SETUP LOGGER, will save the log file in file : log/2024-11-28.log
2024-11-28 14:58:46,654 - xlinks - INFO - supabase_client.py:35 - Initialized SupabaseClient
2024-11-28 14:58:46,654 - xlinks - GOOD - logger.py:18 - Launching application
2024-11-28 14:58:48,387 - xlinks - INFO - supabase_client.py:35 - Initialized SupabaseClient
2024-11-28 15:07:32,503 - xlinks - INFO - logger.py:81 -  SETUP LOGGER, will save the log file in file : log/2024-11-28.log
2024-11-28 15:07:43,563 - xlinks - INFO - logger.py:81 -  SETUP LOGGER, will save the log file in file : log/2024-11-28.log
2024-11-28 15:07:45,577 - xlinks - INFO - supabase_client.py:35 - Initialized SupabaseClient
2024-11-28 15:07:45,578 - xlinks - GOOD - logger.py:18 - Launching application
2024-11-28 15:07:47,557 - xlinks - INFO - supabase_client.py:35 - Initialized SupabaseClient
2024-11-28 15:19:12,534 - xlinks - INFO - logger.py:81 -  SETUP LOGGER, will save the log file in file : log/2024-11-28.log
2024-11-28 15:19:13,930 - xlinks - GOOD - logger.py:18 - Launching application
2024-11-28 15:20:12,022 - xlinks - INFO - logger.py:81 -  SETUP LOGGER, will save the log file in file : log/2024-11-28.log
2024-11-28 15:20:13,443 - xlinks - GOOD - logger.py:18 - Launching application
2024-11-28 15:22:37,974 - xlinks - INFO - logger.py:81 -  SETUP LOGGER, will save the log file in file : log/2024-11-28.log
2024-11-28 15:22:39,551 - xlinks - GOOD - logger.py:18 - Launching application
2024-11-28 15:25:05,722 - xlinks - INFO - logger.py:81 -  SETUP LOGGER, will save the log file in file : log/2024-11-28.log
2024-11-28 15:25:07,877 - xlinks - GOOD - logger.py:18 - Launching application
2024-11-28 15:25:18,161 - xlinks - INFO - logger.py:81 -  SETUP LOGGER, will save the log file in file : log/2024-11-28.log
2024-11-28 15:25:19,491 - xlinks - GOOD - logger.py:18 - Launching application
2024-11-28 15:25:41,358 - xlinks - INFO - logger.py:81 -  SETUP LOGGER, will save the log file in file : log/2024-11-28.log
2024-11-28 15:25:42,662 - xlinks - GOOD - logger.py:18 - Launching application
2024-11-28 15:28:11,321 - xlinks - INFO - logger.py:81 -  SETUP LOGGER, will save the log file in file : log/2024-11-28.log
2024-11-28 15:28:12,719 - xlinks - GOOD - logger.py:18 - Launching application
2024-11-28 15:32:57,240 - xlinks - INFO - logger.py:81 -  SETUP LOGGER, will save the log file in file : log/2024-11-28.log
2024-11-28 15:32:58,825 - xlinks - GOOD - logger.py:18 - Launching application
2024-11-28 15:33:30,442 - xlinks - INFO - logger.py:81 -  SETUP LOGGER, will save the log file in file : log/2024-11-28.log
2024-11-28 15:33:31,849 - xlinks - GOOD - logger.py:18 - Launching application
2024-11-28 15:34:35,188 - xlinks - INFO - logger.py:81 -  SETUP LOGGER, will save the log file in file : log/2024-11-28.log
2024-11-28 15:34:36,642 - xlinks - GOOD - logger.py:18 - Launching application
2024-11-28 15:36:42,992 - xlinks - INFO - logger.py:81 -  SETUP LOGGER, will save the log file in file : log/2024-11-28.log
2024-11-28 15:36:45,138 - xlinks - GOOD - logger.py:18 - Launching application
2024-11-28 15:38:02,676 - xlinks - INFO - logger.py:81 -  SETUP LOGGER, will save the log file in file : log/2024-11-28.log
2024-11-28 15:38:04,133 - xlinks - GOOD - logger.py:18 - Launching application
2024-11-28 15:39:27,342 - xlinks - INFO - logger.py:81 -  SETUP LOGGER, will save the log file in file : log/2024-11-28.log
2024-11-28 15:39:28,806 - xlinks - GOOD - logger.py:18 - Launching application
2024-11-28 15:39:44,892 - xlinks - INFO - logger.py:81 -  SETUP LOGGER, will save the log file in file : log/2024-11-28.log
2024-11-28 15:39:46,288 - xlinks - GOOD - logger.py:18 - Launching application
2024-11-28 15:41:22,804 - xlinks - INFO - logger.py:81 -  SETUP LOGGER, will save the log file in file : log/2024-11-28.log
2024-11-28 15:41:24,253 - xlinks - GOOD - logger.py:18 - Launching application
2024-11-28 15:43:20,597 - xlinks - INFO - logger.py:81 -  SETUP LOGGER, will save the log file in file : log/2024-11-28.log
2024-11-28 15:43:22,506 - xlinks - GOOD - logger.py:18 - Launching application
2024-11-28 15:46:45,018 - xlinks - INFO - logger.py:81 -  SETUP LOGGER, will save the log file in file : log/2024-11-28.log
2024-11-28 15:46:46,549 - xlinks - GOOD - logger.py:18 - Launching application
2024-11-28 15:48:32,590 - xlinks - INFO - logger.py:81 -  SETUP LOGGER, will save the log file in file : log/2024-11-28.log
2024-11-28 15:48:34,269 - xlinks - GOOD - logger.py:18 - Launching application
2024-11-28 15:50:45,119 - xlinks - INFO - logger.py:81 -  SETUP LOGGER, will save the log file in file : log/2024-11-28.log
2024-11-28 15:50:46,512 - xlinks - GOOD - logger.py:18 - Launching application
2024-11-28 15:50:58,599 - xlinks - INFO - logger.py:81 -  SETUP LOGGER, will save the log file in file : log/2024-11-28.log
2024-11-28 15:50:59,833 - xlinks - GOOD - logger.py:18 - Launching application
2024-11-28 15:51:16,978 - xlinks - INFO - logger.py:81 -  SETUP LOGGER, will save the log file in file : log/2024-11-28.log
2024-11-28 15:51:18,198 - xlinks - GOOD - logger.py:18 - Launching application
2024-11-28 15:51:31,542 - xlinks - INFO - logger.py:81 -  SETUP LOGGER, will save the log file in file : log/2024-11-28.log
2024-11-28 15:51:32,824 - xlinks - GOOD - logger.py:18 - Launching application
2024-11-28 15:52:05,708 - xlinks - INFO - logger.py:81 -  SETUP LOGGER, will save the log file in file : log/2024-11-28.log
2024-11-28 15:52:06,951 - xlinks - GOOD - logger.py:18 - Launching application
2024-11-28 15:52:59,876 - persona_bot - INFO - logger.py:81 -  SETUP LOGGER, will save the log file in file : log/2024-11-28.log
2024-11-28 15:53:01,562 - persona_bot - INFO - supabase_client.py:35 - Initialized SupabaseClient
2024-11-28 15:53:04,033 - persona_bot - INFO - supabase_client.py:35 - Initialized SupabaseClient
2024-11-28 15:55:15,590 - persona_bot - INFO - logger.py:81 -  SETUP LOGGER, will save the log file in file : log/2024-11-28.log
2024-11-28 15:55:17,376 - persona_bot - INFO - supabase_client.py:35 - Initialized SupabaseClient
2024-11-28 15:55:28,086 - persona_bot - INFO - logger.py:81 -  SETUP LOGGER, will save the log file in file : log/2024-11-28.log
2024-11-28 15:55:30,502 - persona_bot - INFO - supabase_client.py:35 - Initialized SupabaseClient
2024-11-28 15:56:57,180 - persona_bot - INFO - logger.py:81 -  SETUP LOGGER, will save the log file in file : log/2024-11-28.log
2024-11-28 15:56:59,331 - persona_bot - INFO - supabase_client.py:35 - Initialized SupabaseClient
2024-11-28 15:57:02,134 - persona_bot - INFO - supabase_client.py:35 - Initialized SupabaseClient
2024-11-28 16:48:41,922 - persona_bot - INFO - logger.py:81 -  SETUP LOGGER, will save the log file in file : log/2024-11-28.log
2024-11-28 16:48:44,380 - persona_bot - INFO - supabase_client.py:35 - Initialized SupabaseClient
2024-11-28 16:48:44,519 - persona_bot - INFO - chat_query_service.py:19 - Creating collection 'toto'
2024-11-28 16:48:48,534 - persona_bot - INFO - supabase_client.py:35 - Initialized SupabaseClient
2024-11-28 21:25:05,571 - persona_bot - INFO - logger.py:81 -  SETUP LOGGER, will save the log file in file : log/2024-11-28.log
2024-11-28 21:27:34,326 - persona_bot - INFO - logger.py:81 -  SETUP LOGGER, will save the log file in file : log/2024-11-28.log
2024-11-28 21:27:37,279 - persona_bot - INFO - supabase_client.py:35 - Initialized SupabaseClient
2024-11-28 21:27:37,321 - persona_bot - INFO - supabase_client.py:35 - Initialized SupabaseClient
2024-11-28 21:36:36,674 - persona_bot - INFO - logger.py:81 -  SETUP LOGGER, will save the log file in file : log/2024-11-28.log
2024-11-28 21:36:39,232 - persona_bot - INFO - supabase_client.py:48 - Initialized SupabaseClient
2024-11-28 21:36:39,262 - persona_bot - INFO - supabase_client.py:48 - Initialized SupabaseClient
2024-11-28 21:37:16,187 - persona_bot - INFO - logger.py:81 -  SETUP LOGGER, will save the log file in file : log/2024-11-28.log
2024-11-28 21:37:18,751 - persona_bot - INFO - supabase_client.py:48 - Initialized SupabaseClient
2024-11-28 21:37:18,770 - persona_bot - INFO - supabase_client.py:48 - Initialized SupabaseClient
2024-11-28 21:38:07,779 - persona_bot - INFO - logger.py:81 -  SETUP LOGGER, will save the log file in file : log/2024-11-28.log
2024-11-28 21:38:10,436 - persona_bot - INFO - supabase_client.py:48 - Initialized SupabaseClient
2024-11-28 21:38:10,465 - persona_bot - INFO - supabase_client.py:48 - Initialized SupabaseClient
2024-11-28 21:38:17,297 - persona_bot - INFO - logger.py:81 -  SETUP LOGGER, will save the log file in file : log/2024-11-28.log
2024-11-28 21:38:19,944 - persona_bot - INFO - supabase_client.py:48 - Initialized SupabaseClient
2024-11-28 21:38:19,966 - persona_bot - INFO - supabase_client.py:48 - Initialized SupabaseClient
2024-11-28 21:38:53,091 - persona_bot - INFO - logger.py:81 -  SETUP LOGGER, will save the log file in file : log/2024-11-28.log
2024-11-28 21:38:55,684 - persona_bot - INFO - supabase_client.py:48 - Initialized SupabaseClient
2024-11-28 21:38:55,703 - persona_bot - INFO - supabase_client.py:48 - Initialized SupabaseClient
2024-11-28 21:40:30,414 - persona_bot - INFO - logger.py:81 -  SETUP LOGGER, will save the log file in file : log/2024-11-28.log
2024-11-28 21:40:32,999 - persona_bot - INFO - supabase_client.py:48 - Initialized SupabaseClient
2024-11-28 21:40:33,027 - persona_bot - INFO - supabase_client.py:48 - Initialized SupabaseClient
2024-11-28 21:40:39,221 - persona_bot - INFO - chat_query_service.py:19 - Creating collection 'data={'id': 1, 'bot_public_id': 'cook_bot', 'name': 'Cook Friend', 'description': 'A cool friend for cooking.', 'created_by': '9a3a0cc2-096b-4305-b49d-23a8ad1d34b3'} count=None'
2024-11-28 21:41:18,336 - persona_bot - INFO - logger.py:81 -  SETUP LOGGER, will save the log file in file : log/2024-11-28.log
2024-11-28 21:41:20,969 - persona_bot - INFO - supabase_client.py:48 - Initialized SupabaseClient
2024-11-28 21:41:20,997 - persona_bot - INFO - supabase_client.py:48 - Initialized SupabaseClient
2024-11-28 21:41:39,214 - persona_bot - INFO - logger.py:81 -  SETUP LOGGER, will save the log file in file : log/2024-11-28.log
2024-11-28 21:41:41,843 - persona_bot - INFO - supabase_client.py:48 - Initialized SupabaseClient
2024-11-28 21:41:41,871 - persona_bot - INFO - supabase_client.py:48 - Initialized SupabaseClient
2024-11-28 21:41:42,404 - persona_bot - INFO - chat_query_service.py:19 - Creating collection 'cook_bot'
2024-11-28 21:43:36,147 - persona_bot - INFO - logger.py:81 -  SETUP LOGGER, will save the log file in file : log/2024-11-28.log
2024-11-28 21:48:34,529 - persona_bot - INFO - logger.py:81 -  SETUP LOGGER, will save the log file in file : log/2024-11-28.log
2024-11-28 21:48:45,216 - persona_bot - INFO - logger.py:81 -  SETUP LOGGER, will save the log file in file : log/2024-11-28.log
2024-11-28 21:48:47,912 - persona_bot - INFO - supabase_client.py:48 - Initialized SupabaseClient
2024-11-28 21:48:47,933 - persona_bot - INFO - supabase_client.py:48 - Initialized SupabaseClient
2024-11-28 21:51:33,970 - persona_bot - INFO - logger.py:81 -  SETUP LOGGER, will save the log file in file : log/2024-11-28.log
2024-11-28 21:51:36,630 - persona_bot - INFO - supabase_client.py:48 - Initialized SupabaseClient
2024-11-28 21:51:36,659 - persona_bot - INFO - supabase_client.py:48 - Initialized SupabaseClient
2024-11-28 21:57:32,759 - persona_bot - INFO - logger.py:81 -  SETUP LOGGER, will save the log file in file : log/2024-11-28.log
2024-11-28 21:57:35,369 - persona_bot - INFO - supabase_client.py:48 - Initialized SupabaseClient
2024-11-28 21:57:35,398 - persona_bot - INFO - supabase_client.py:48 - Initialized SupabaseClient
2024-11-28 21:58:03,975 - persona_bot - INFO - logger.py:81 -  SETUP LOGGER, will save the log file in file : log/2024-11-28.log
2024-11-28 21:58:06,623 - persona_bot - INFO - supabase_client.py:48 - Initialized SupabaseClient
2024-11-28 21:58:06,642 - persona_bot - INFO - supabase_client.py:48 - Initialized SupabaseClient
2024-11-28 21:58:06,655 - persona_bot - INFO - supabase_client.py:48 - Initialized SupabaseClient
2024-11-28 22:01:28,289 - persona_bot - INFO - logger.py:81 -  SETUP LOGGER, will save the log file in file : log/2024-11-28.log
2024-11-28 22:01:31,267 - persona_bot - INFO - supabase_client.py:48 - Initialized SupabaseClient
2024-11-28 22:01:31,297 - persona_bot - INFO - supabase_client.py:48 - Initialized SupabaseClient
2024-11-28 22:01:31,311 - persona_bot - INFO - supabase_client.py:48 - Initialized SupabaseClient
2024-11-28 22:01:42,810 - persona_bot - INFO - logger.py:81 -  SETUP LOGGER, will save the log file in file : log/2024-11-28.log
2024-11-28 22:01:45,373 - persona_bot - INFO - supabase_client.py:48 - Initialized SupabaseClient
2024-11-28 22:01:45,392 - persona_bot - INFO - supabase_client.py:48 - Initialized SupabaseClient
2024-11-28 22:01:45,405 - persona_bot - INFO - supabase_client.py:48 - Initialized SupabaseClient
2024-11-28 22:02:30,311 - persona_bot - INFO - logger.py:81 -  SETUP LOGGER, will save the log file in file : log/2024-11-28.log
2024-11-28 22:02:32,854 - persona_bot - INFO - supabase_client.py:48 - Initialized SupabaseClient
2024-11-28 22:02:32,873 - persona_bot - INFO - supabase_client.py:48 - Initialized SupabaseClient
2024-11-28 22:02:32,874 - persona_bot - INFO - supabase_client.py:48 - Initialized SupabaseClient
2024-11-28 22:02:45,943 - persona_bot - INFO - logger.py:81 -  SETUP LOGGER, will save the log file in file : log/2024-11-28.log
2024-11-28 22:02:48,466 - persona_bot - INFO - supabase_client.py:48 - Initialized SupabaseClient
2024-11-28 22:02:48,484 - persona_bot - INFO - supabase_client.py:48 - Initialized SupabaseClient
2024-11-28 22:02:48,485 - persona_bot - INFO - supabase_client.py:48 - Initialized SupabaseClient
2024-11-28 22:05:15,800 - persona_bot - INFO - logger.py:81 -  SETUP LOGGER, will save the log file in file : log/2024-11-28.log
2024-11-28 22:05:39,152 - persona_bot - INFO - logger.py:81 -  SETUP LOGGER, will save the log file in file : log/2024-11-28.log
2024-11-28 22:05:41,693 - persona_bot - INFO - supabase_client.py:48 - Initialized SupabaseClient
2024-11-28 22:05:41,712 - persona_bot - INFO - supabase_client.py:48 - Initialized SupabaseClient
2024-11-28 22:05:41,714 - persona_bot - INFO - supabase_client.py:48 - Initialized SupabaseClient
2024-11-28 22:07:05,441 - persona_bot - INFO - logger.py:81 -  SETUP LOGGER, will save the log file in file : log/2024-11-28.log
2024-11-28 22:07:08,005 - persona_bot - INFO - supabase_client.py:48 - Initialized SupabaseClient
2024-11-28 22:07:08,034 - persona_bot - INFO - supabase_client.py:48 - Initialized SupabaseClient
2024-11-28 22:07:08,036 - persona_bot - INFO - supabase_client.py:48 - Initialized SupabaseClient
2024-11-28 22:07:51,143 - persona_bot - INFO - logger.py:81 -  SETUP LOGGER, will save the log file in file : log/2024-11-28.log
2024-11-28 22:07:53,850 - persona_bot - INFO - supabase_client.py:48 - Initialized SupabaseClient
2024-11-28 22:07:53,879 - persona_bot - INFO - supabase_client.py:48 - Initialized SupabaseClient
2024-11-28 22:07:53,882 - persona_bot - INFO - supabase_client.py:48 - Initialized SupabaseClient
2024-11-28 22:08:31,800 - persona_bot - INFO - logger.py:81 -  SETUP LOGGER, will save the log file in file : log/2024-11-28.log
2024-11-28 22:08:34,444 - persona_bot - INFO - supabase_client.py:48 - Initialized SupabaseClient
2024-11-28 22:08:34,474 - persona_bot - INFO - supabase_client.py:48 - Initialized SupabaseClient
2024-11-28 22:08:34,476 - persona_bot - INFO - supabase_client.py:48 - Initialized SupabaseClient
2024-11-28 22:27:21,806 - persona_bot - INFO - logger.py:81 -  SETUP LOGGER, will save the log file in file : log/2024-11-28.log
2024-11-28 22:27:24,389 - persona_bot - INFO - supabase_client.py:48 - Initialized SupabaseClient
2024-11-28 22:27:24,411 - persona_bot - INFO - supabase_client.py:48 - Initialized SupabaseClient
2024-11-28 22:27:24,423 - persona_bot - INFO - supabase_client.py:48 - Initialized SupabaseClient
2024-11-28 22:27:44,887 - persona_bot - INFO - logger.py:81 -  SETUP LOGGER, will save the log file in file : log/2024-11-28.log
2024-11-28 22:27:47,515 - persona_bot - INFO - supabase_client.py:48 - Initialized SupabaseClient
2024-11-28 22:27:47,534 - persona_bot - INFO - supabase_client.py:48 - Initialized SupabaseClient
2024-11-28 22:27:47,536 - persona_bot - INFO - supabase_client.py:48 - Initialized SupabaseClient
2024-11-28 22:29:30,389 - persona_bot - INFO - logger.py:81 -  SETUP LOGGER, will save the log file in file : log/2024-11-28.log
2024-11-28 22:29:33,012 - persona_bot - INFO - supabase_client.py:48 - Initialized SupabaseClient
2024-11-28 22:29:33,030 - persona_bot - INFO - supabase_client.py:48 - Initialized SupabaseClient
2024-11-28 22:29:33,042 - persona_bot - INFO - supabase_client.py:48 - Initialized SupabaseClient
2024-11-28 22:30:29,749 - persona_bot - INFO - logger.py:81 -  SETUP LOGGER, will save the log file in file : log/2024-11-28.log
2024-11-28 22:30:32,423 - persona_bot - INFO - supabase_client.py:48 - Initialized SupabaseClient
2024-11-28 22:30:32,443 - persona_bot - INFO - supabase_client.py:48 - Initialized SupabaseClient
2024-11-28 22:30:32,456 - persona_bot - INFO - supabase_client.py:48 - Initialized SupabaseClient
2024-11-28 22:31:03,880 - persona_bot - INFO - logger.py:81 -  SETUP LOGGER, will save the log file in file : log/2024-11-28.log
2024-11-28 22:31:06,498 - persona_bot - INFO - supabase_client.py:48 - Initialized SupabaseClient
2024-11-28 22:31:06,518 - persona_bot - INFO - supabase_client.py:48 - Initialized SupabaseClient
2024-11-28 22:31:06,523 - persona_bot - INFO - supabase_client.py:48 - Initialized SupabaseClient
2024-11-28 22:31:31,782 - persona_bot - INFO - logger.py:81 -  SETUP LOGGER, will save the log file in file : log/2024-11-28.log
2024-11-28 22:31:34,371 - persona_bot - INFO - supabase_client.py:48 - Initialized SupabaseClient
2024-11-28 22:31:34,394 - persona_bot - INFO - supabase_client.py:48 - Initialized SupabaseClient
2024-11-28 22:31:34,407 - persona_bot - INFO - supabase_client.py:48 - Initialized SupabaseClient
2024-11-28 22:36:13,286 - persona_bot - INFO - logger.py:81 -  SETUP LOGGER, will save the log file in file : log/2024-11-28.log
2024-11-28 22:36:15,875 - persona_bot - INFO - supabase_client.py:48 - Initialized SupabaseClient
2024-11-28 22:36:15,899 - persona_bot - INFO - supabase_client.py:48 - Initialized SupabaseClient
2024-11-28 22:36:15,911 - persona_bot - INFO - supabase_client.py:48 - Initialized SupabaseClient
2024-11-29 13:08:32,852 - persona_bot - INFO - logger.py:81 -  SETUP LOGGER, will save the log file in file : log/2024-11-29.log
2024-11-29 13:08:36,056 - persona_bot - INFO - supabase_client.py:60 - Initialized SupabaseClient
2024-11-29 13:08:36,084 - persona_bot - INFO - supabase_client.py:60 - Initialized SupabaseClient
2024-11-29 13:08:36,087 - persona_bot - INFO - supabase_client.py:60 - Initialized SupabaseClient
2024-11-29 13:08:36,088 - persona_bot - INFO - supabase_client.py:60 - Initialized SupabaseClient
2024-11-29 13:22:28,030 - persona_bot - INFO - logger.py:81 -  SETUP LOGGER, will save the log file in file : log/2024-11-29.log
2024-11-29 13:22:30,543 - persona_bot - INFO - supabase_client.py:60 - Initialized SupabaseClient
2024-11-29 13:22:30,586 - persona_bot - INFO - supabase_client.py:60 - Initialized SupabaseClient
2024-11-29 13:22:30,588 - persona_bot - INFO - supabase_client.py:60 - Initialized SupabaseClient
2024-11-29 13:22:30,588 - persona_bot - INFO - supabase_client.py:60 - Initialized SupabaseClient
2024-11-29 13:26:31,278 - persona_bot - INFO - logger.py:81 -  SETUP LOGGER, will save the log file in file : log/2024-11-29.log
2024-11-29 13:26:33,409 - persona_bot - INFO - supabase_client.py:60 - Initialized SupabaseClient
2024-11-29 13:26:33,429 - persona_bot - INFO - supabase_client.py:60 - Initialized SupabaseClient
2024-11-29 13:26:33,430 - persona_bot - INFO - supabase_client.py:60 - Initialized SupabaseClient
2024-11-29 13:26:33,433 - persona_bot - INFO - supabase_client.py:60 - Initialized SupabaseClient
2024-11-29 13:26:36,998 - persona_bot - INFO - logger.py:81 -  SETUP LOGGER, will save the log file in file : log/2024-11-29.log
2024-11-29 13:26:38,819 - persona_bot - INFO - supabase_client.py:60 - Initialized SupabaseClient
2024-11-29 13:26:38,837 - persona_bot - INFO - supabase_client.py:60 - Initialized SupabaseClient
2024-11-29 13:26:38,838 - persona_bot - INFO - supabase_client.py:60 - Initialized SupabaseClient
2024-11-29 13:26:38,839 - persona_bot - INFO - supabase_client.py:60 - Initialized SupabaseClient
2024-11-29 13:30:32,964 - persona_bot - INFO - logger.py:81 -  SETUP LOGGER, will save the log file in file : log/2024-11-29.log
2024-11-29 13:30:35,289 - persona_bot - INFO - supabase_client.py:60 - Initialized SupabaseClient
2024-11-29 13:30:35,307 - persona_bot - INFO - supabase_client.py:60 - Initialized SupabaseClient
2024-11-29 13:30:35,308 - persona_bot - INFO - supabase_client.py:60 - Initialized SupabaseClient
2024-11-29 13:30:35,309 - persona_bot - INFO - supabase_client.py:60 - Initialized SupabaseClient
2024-11-29 13:30:35,309 - persona_bot - INFO - supabase_client.py:60 - Initialized SupabaseClient
2024-11-29 13:30:57,377 - persona_bot - INFO - logger.py:81 -  SETUP LOGGER, will save the log file in file : log/2024-11-29.log
2024-11-29 13:30:59,057 - persona_bot - INFO - supabase_client.py:60 - Initialized SupabaseClient
2024-11-29 13:30:59,075 - persona_bot - INFO - supabase_client.py:60 - Initialized SupabaseClient
2024-11-29 13:30:59,076 - persona_bot - INFO - supabase_client.py:60 - Initialized SupabaseClient
2024-11-29 13:30:59,076 - persona_bot - INFO - supabase_client.py:60 - Initialized SupabaseClient
2024-11-29 13:30:59,077 - persona_bot - INFO - supabase_client.py:60 - Initialized SupabaseClient
2024-11-29 13:31:08,697 - persona_bot - INFO - logger.py:81 -  SETUP LOGGER, will save the log file in file : log/2024-11-29.log
2024-11-29 13:31:10,382 - persona_bot - INFO - supabase_client.py:60 - Initialized SupabaseClient
2024-11-29 13:31:10,399 - persona_bot - INFO - supabase_client.py:60 - Initialized SupabaseClient
2024-11-29 13:31:10,400 - persona_bot - INFO - supabase_client.py:60 - Initialized SupabaseClient
2024-11-29 13:31:10,401 - persona_bot - INFO - supabase_client.py:60 - Initialized SupabaseClient
2024-11-29 13:31:10,402 - persona_bot - INFO - supabase_client.py:60 - Initialized SupabaseClient
2024-11-29 13:37:05,201 - persona_bot - INFO - logger.py:81 -  SETUP LOGGER, will save the log file in file : log/2024-11-29.log
2024-11-29 13:37:07,515 - persona_bot - INFO - supabase_client.py:67 - Initialized SupabaseClient
2024-11-29 13:37:07,534 - persona_bot - INFO - supabase_client.py:67 - Initialized SupabaseClient
2024-11-29 13:37:07,535 - persona_bot - INFO - supabase_client.py:67 - Initialized SupabaseClient
2024-11-29 13:37:07,535 - persona_bot - INFO - supabase_client.py:67 - Initialized SupabaseClient
2024-11-29 13:37:07,537 - persona_bot - INFO - supabase_client.py:67 - Initialized SupabaseClient
2024-11-29 13:37:34,073 - persona_bot - ERROR - supabase_client.py:47 - {'code': 'PGRST204', 'details': None, 'hint': None, 'message': "Could not find the 'bot_id' column of 'bots' in the schema cache"}
2024-11-29 13:37:47,131 - persona_bot - INFO - logger.py:81 -  SETUP LOGGER, will save the log file in file : log/2024-11-29.log
2024-11-29 13:37:49,170 - persona_bot - INFO - supabase_client.py:67 - Initialized SupabaseClient
2024-11-29 13:37:49,187 - persona_bot - INFO - supabase_client.py:67 - Initialized SupabaseClient
2024-11-29 13:37:49,188 - persona_bot - INFO - supabase_client.py:67 - Initialized SupabaseClient
2024-11-29 13:37:49,189 - persona_bot - INFO - supabase_client.py:67 - Initialized SupabaseClient
2024-11-29 13:37:49,190 - persona_bot - INFO - supabase_client.py:67 - Initialized SupabaseClient
2024-11-29 13:37:52,508 - persona_bot - ERROR - supabase_client.py:47 - {'code': '42501', 'details': None, 'hint': None, 'message': 'new row violates row-level security policy for table "saved_bots"'}
2024-11-29 13:38:52,289 - persona_bot - INFO - logger.py:81 -  SETUP LOGGER, will save the log file in file : log/2024-11-29.log
2024-11-29 13:38:54,311 - persona_bot - INFO - supabase_client.py:67 - Initialized SupabaseClient
2024-11-29 13:38:54,329 - persona_bot - INFO - supabase_client.py:67 - Initialized SupabaseClient
2024-11-29 13:38:54,330 - persona_bot - INFO - supabase_client.py:67 - Initialized SupabaseClient
2024-11-29 13:38:54,331 - persona_bot - INFO - supabase_client.py:67 - Initialized SupabaseClient
2024-11-29 13:38:54,332 - persona_bot - INFO - supabase_client.py:67 - Initialized SupabaseClient
